{"C:\\Users\\coral\\Documents\\Laboratoria\\cdmx-2018-01-FE-markdown\\index.js": {"path":"C:\\Users\\coral\\Documents\\Laboratoria\\cdmx-2018-01-FE-markdown\\index.js","statementMap":{"0":{"start":{"line":1,"column":11},"end":{"line":1,"column":24}},"1":{"start":{"line":2,"column":14},"end":{"line":2,"column":35}},"2":{"start":{"line":17,"column":15},"end":{"line":17,"column":32}},"3":{"start":{"line":18,"column":16},"end":{"line":18,"column":34}},"4":{"start":{"line":23,"column":16},"end":{"line":31,"column":1}},"5":{"start":{"line":24,"column":2},"end":{"line":30,"column":5}},"6":{"start":{"line":25,"column":4},"end":{"line":29,"column":5}},"7":{"start":{"line":26,"column":6},"end":{"line":26,"column":27}},"8":{"start":{"line":28,"column":6},"end":{"line":28,"column":21}},"9":{"start":{"line":35,"column":0},"end":{"line":77,"column":3}},"10":{"start":{"line":37,"column":20},"end":{"line":37,"column":32}},"11":{"start":{"line":39,"column":12},"end":{"line":39,"column":37}},"12":{"start":{"line":41,"column":20},"end":{"line":53,"column":14}},"13":{"start":{"line":42,"column":18},"end":{"line":42,"column":38}},"14":{"start":{"line":43,"column":23},"end":{"line":43,"column":37}},"15":{"start":{"line":46,"column":4},"end":{"line":50,"column":6}},"16":{"start":{"line":52,"column":4},"end":{"line":52,"column":22}},"17":{"start":{"line":56,"column":14},"end":{"line":56,"column":23}},"18":{"start":{"line":57,"column":2},"end":{"line":57,"column":21}},"19":{"start":{"line":59,"column":19},"end":{"line":59,"column":21}},"20":{"start":{"line":60,"column":2},"end":{"line":62,"column":3}},"21":{"start":{"line":61,"column":4},"end":{"line":61,"column":33}},"22":{"start":{"line":67,"column":17},"end":{"line":67,"column":48}},"23":{"start":{"line":67,"column":37},"end":{"line":67,"column":47}},"24":{"start":{"line":69,"column":2},"end":{"line":76,"column":7}},"25":{"start":{"line":70,"column":23},"end":{"line":73,"column":5}},"26":{"start":{"line":72,"column":18},"end":{"line":72,"column":68}},"27":{"start":{"line":75,"column":6},"end":{"line":75,"column":27}},"28":{"start":{"line":80,"column":0},"end":{"line":82,"column":2}}},"fnMap":{"0":{"name":"(anonymous_0)","decl":{"start":{"line":23,"column":16},"end":{"line":23,"column":17}},"loc":{"start":{"line":23,"column":30},"end":{"line":31,"column":1}},"line":23},"1":{"name":"(anonymous_1)","decl":{"start":{"line":24,"column":37},"end":{"line":24,"column":38}},"loc":{"start":{"line":24,"column":51},"end":{"line":30,"column":3}},"line":24},"2":{"name":"(anonymous_2)","decl":{"start":{"line":35,"column":19},"end":{"line":35,"column":20}},"loc":{"start":{"line":35,"column":29},"end":{"line":77,"column":1}},"line":35},"3":{"name":"(anonymous_3)","decl":{"start":{"line":41,"column":31},"end":{"line":41,"column":32}},"loc":{"start":{"line":41,"column":52},"end":{"line":53,"column":3}},"line":41},"4":{"name":"(anonymous_4)","decl":{"start":{"line":67,"column":30},"end":{"line":67,"column":31}},"loc":{"start":{"line":67,"column":37},"end":{"line":67,"column":47}},"line":67},"5":{"name":"(anonymous_5)","decl":{"start":{"line":70,"column":10},"end":{"line":70,"column":11}},"loc":{"start":{"line":70,"column":23},"end":{"line":73,"column":5}},"line":70},"6":{"name":"(anonymous_6)","decl":{"start":{"line":72,"column":6},"end":{"line":72,"column":7}},"loc":{"start":{"line":72,"column":18},"end":{"line":72,"column":68}},"line":72},"7":{"name":"(anonymous_7)","decl":{"start":{"line":74,"column":11},"end":{"line":74,"column":12}},"loc":{"start":{"line":74,"column":15},"end":{"line":76,"column":5}},"line":74}},"branchMap":{"0":{"loc":{"start":{"line":25,"column":4},"end":{"line":29,"column":5}},"type":"if","locations":[{"start":{"line":25,"column":4},"end":{"line":29,"column":5}},{"start":{"line":25,"column":4},"end":{"line":29,"column":5}}],"line":25}},"s":{"0":1,"1":1,"2":1,"3":1,"4":1,"5":1,"6":0,"7":0,"8":0,"9":1,"10":0,"11":0,"12":0,"13":0,"14":0,"15":0,"16":0,"17":0,"18":0,"19":0,"20":0,"21":0,"22":0,"23":0,"24":0,"25":0,"26":0,"27":0,"28":1},"f":{"0":1,"1":0,"2":0,"3":0,"4":0,"5":0,"6":0,"7":0},"b":{"0":[0,0]},"_coverageSchema":"332fd63041d2c1bcb487cc26dd0d5f7d97098a6c","hash":"7ef739143eedbea286d1417e4a87a2775c951d8b"}
}
